#
# A fatal error has been detected by the Java Runtime Environment:
#
#  EXCEPTION_ACCESS_VIOLATION (0xc0000005) at pc=0x00007ff9e78f5ece, pid=7348, tid=10472
#
# JRE version: Java(TM) SE Runtime Environment (11.0.4+10) (build 11.0.4+10-LTS)
# Java VM: Java HotSpot(TM) 64-Bit Server VM (11.0.4+10-LTS, mixed mode, tiered, compressed oops, g1 gc, windows-amd64)
# Problematic frame:
# V  [jvm.dll+0x615ece]
#
# No core dump will be written. Minidumps are not enabled by default on client versions of Windows
#
# If you would like to submit a bug report, please visit:
#   http://bugreport.java.com/bugreport/crash.jsp
#

---------------  S U M M A R Y ------------

Command Line: -javaagent:C:\Users\Kuba\IntelliJ IDEA Community Edition 2018.3.5\lib\idea_rt.jar=61505:C:\Users\Kuba\IntelliJ IDEA Community Edition 2018.3.5\bin -Dfile.encoding=UTF-8 referee.LoginApplication

Host: AMD Ryzen 5 1600 Six-Core Processor            , 12 cores, 15G,  Windows 10 , 64 bit Build 18362 (10.0.18362.329)
Time: Mon Feb  3 14:26:14 2020 ?rodkowoeuropejski czas stand. elapsed time: 4 seconds (0d 0h 0m 4s)

---------------  T H R E A D  ---------------

Current thread (0x000001806c3c3000):  JavaThread "C2 CompilerThread2" daemon [_thread_in_native, id=10472, stack(0x0000001a1f500000,0x0000001a1f600000)]


Current CompileTask:
C2:   4320 3856       4       jdk.internal.loader.ClassLoaders$AppClassLoader::loadClass (40 bytes)

Stack: [0x0000001a1f500000,0x0000001a1f600000],  sp=0x0000001a1f5fb5b8,  free space=1005k
Native frames: (J=compiled Java code, j=interpreted, Vv=VM code, C=native code)
V  [jvm.dll+0x615ece]


siginfo: EXCEPTION_ACCESS_VIOLATION (0xc0000005), reading address 0x0000000000000050


Register to memory mapping:

RIP=0x00007ff9e78f5ece jvm.dll
RAX=0x0000001a1f5fba90 is pointing into the stack for thread: 0x000001806c3c3000
RBX=0x0000001a1f5fbe40 is pointing into the stack for thread: 0x000001806c3c3000
RCX=0x0000000000000022 is an unknown value
RDX=0x000000000000024c is an unknown value
RSP=0x0000001a1f5fb5b8 is pointing into the stack for thread: 0x000001806c3c3000
RBP=0x0000001a1f5fb6c0 is pointing into the stack for thread: 0x000001806c3c3000
RSI=0x0000000000000400 is an unknown value
RDI=0x000001807116a290 points into unknown readable memory: e0 0a 17 71 80 01 00 00
R8 =0x0000000000000008 is an unknown value
R9 =0x000001806fe314f0 points into unknown readable memory: d0 01 17 71 80 01 00 00
R10=0x0000000000000022 is an unknown value
R11=0x0000018071e85c90 points into unknown readable memory: 70 57 b2 e7 f9 7f 00 00
R12=0x0000000000016f80 is an unknown value
R13=0x0000000000000022 is an unknown value
R14=0x000001806b6279a0 points into unknown readable memory: 98 fe bf 75 80 01 00 00
R15=0x000001806b6282b0 points into unknown readable memory: 00 00 00 01 00 01 00 01


Registers:
RAX=0x0000001a1f5fba90, RBX=0x0000001a1f5fbe40, RCX=0x0000000000000022, RDX=0x000000000000024c
RSP=0x0000001a1f5fb5b8, RBP=0x0000001a1f5fb6c0, RSI=0x0000000000000400, RDI=0x000001807116a290
R8 =0x0000000000000008, R9 =0x000001806fe314f0, R10=0x0000000000000022, R11=0x0000018071e85c90
R12=0x0000000000016f80, R13=0x0000000000000022, R14=0x000001806b6279a0, R15=0x000001806b6282b0
RIP=0x00007ff9e78f5ece, EFLAGS=0x0000000000010213

Top of Stack: (sp=0x0000001a1f5fb5b8)
0x0000001a1f5fb5b8:   00007ff9e796a0b2 000001807116a290
0x0000001a1f5fb5c8:   0000000000000007 0000001a1f5fbe40
0x0000001a1f5fb5d8:   00007ff9e7cca640 000001806e4c7f58
0x0000001a1f5fb5e8:   0000018000000001 00000180000029d1
0x0000001a1f5fb5f8:   0000001a1f5fb701 0000018000000001
0x0000001a1f5fb608:   0000001a1f5fb8d0 000000000000009d
0x0000001a1f5fb618:   0000000000000400 6b62790000000002
0x0000001a1f5fb628:   0000018071e85c90 000001220000024c
0x0000001a1f5fb638:   0000000000000000 0000001a00000022
0x0000001a1f5fb648:   000001806b6279a0 000001806fe314f0
0x0000001a1f5fb658:   0000018075d5b730 00000180000004e1
0x0000001a1f5fb668:   000001807116efb0 0000018071e86ee0
0x0000001a1f5fb678:   000001807116a290 000018a500000000
0x0000001a1f5fb688:   0000001a1f5fbb70 0000018000000012
0x0000001a1f5fb698:   0000018072ac2400 0000000000016f80
0x0000001a1f5fb6a8:   0000000000000000 000001806b6282b0 

Instructions: (pc=0x00007ff9e78f5ece)
0x00007ff9e78f5eae:   48 89 51 40 c3 cc cc cc cc cc cc cc cc cc cc cc
0x00007ff9e78f5ebe:   cc cc 0f b6 41 2c 24 03 3c 02 0f 84 e2 04 f5 ff
0x00007ff9e78f5ece:   0f b6 41 2e d0 e8 24 01 c3 cc cc cc cc cc cc cc
0x00007ff9e78f5ede:   cc cc 48 89 5c 24 08 4c 8b 59 10 48 8b d9 44 8b 


Stack slot to memory mapping:
stack at sp + 0 slots: 0x00007ff9e796a0b2 jvm.dll
stack at sp + 1 slots: 0x000001807116a290 points into unknown readable memory: e0 0a 17 71 80 01 00 00
stack at sp + 2 slots: 0x0000000000000007 is an unknown value
stack at sp + 3 slots: 0x0000001a1f5fbe40 is pointing into the stack for thread: 0x000001806c3c3000
stack at sp + 4 slots: 0x00007ff9e7cca640 jvm.dll
stack at sp + 5 slots: 0x000001806e4c7f58 points into unknown readable memory: 80 9b b3 e7 f9 7f 00 00
stack at sp + 6 slots: 0x0000018000000001 is an unknown value
stack at sp + 7 slots: 0x00000180000029d1 is an unknown value


---------------  P R O C E S S  ---------------

Threads class SMR info:
_java_thread_list=0x0000018071901200, length=19, elements={
0x0000018044f97800, 0x000001806ac9e000, 0x000001806b54b000, 0x000001806b5a2800,
0x000001806b5a3800, 0x000001806b5a6800, 0x000001806b5b6000, 0x000001806b5b7800,
0x000001806b72c000, 0x000001806b887000, 0x000001806bb6c000, 0x000001806bde0800,
0x000001806c3c3000, 0x000001806eb96800, 0x000001806ea04800, 0x000001806ec3e800,
0x000001806edf6000, 0x000001806eb2e000, 0x000001806ed61000
}

Java Threads: ( => current thread )
  0x0000018044f97800 JavaThread "main" [_thread_in_vm, id=12960, stack(0x0000001a1e200000,0x0000001a1e300000)]
  0x000001806ac9e000 JavaThread "Reference Handler" daemon [_thread_blocked, id=8532, stack(0x0000001a1e900000,0x0000001a1ea00000)]
  0x000001806b54b000 JavaThread "Finalizer" daemon [_thread_blocked, id=7676, stack(0x0000001a1ea00000,0x0000001a1eb00000)]
  0x000001806b5a2800 JavaThread "Signal Dispatcher" daemon [_thread_blocked, id=11520, stack(0x0000001a1eb00000,0x0000001a1ec00000)]
  0x000001806b5a3800 JavaThread "Attach Listener" daemon [_thread_blocked, id=9896, stack(0x0000001a1ec00000,0x0000001a1ed00000)]
  0x000001806b5a6800 JavaThread "C2 CompilerThread0" daemon [_thread_in_native, id=7400, stack(0x0000001a1ed00000,0x0000001a1ee00000)]
  0x000001806b5b6000 JavaThread "C1 CompilerThread0" daemon [_thread_blocked, id=6024, stack(0x0000001a1ee00000,0x0000001a1ef00000)]
  0x000001806b5b7800 JavaThread "Sweeper thread" daemon [_thread_blocked, id=6248, stack(0x0000001a1ef00000,0x0000001a1f000000)]
  0x000001806b72c000 JavaThread "Common-Cleaner" daemon [_thread_blocked, id=10076, stack(0x0000001a1f000000,0x0000001a1f100000)]
  0x000001806b887000 JavaThread "Monitor Ctrl-Break" daemon [_thread_in_native, id=13968, stack(0x0000001a1f100000,0x0000001a1f200000)]
  0x000001806bb6c000 JavaThread "Service Thread" daemon [_thread_blocked, id=12924, stack(0x0000001a1f200000,0x0000001a1f300000)]
  0x000001806bde0800 JavaThread "C2 CompilerThread1" daemon [_thread_in_native, id=14244, stack(0x0000001a1f400000,0x0000001a1f500000)]
=>0x000001806c3c3000 JavaThread "C2 CompilerThread2" daemon [_thread_in_native, id=10472, stack(0x0000001a1f500000,0x0000001a1f600000)]
  0x000001806eb96800 JavaThread "MVStore background writer nio:F:/Prawidlowy Referee/Referee/bazaDanychReferee.mv.db" daemon [_thread_blocked, id=10680, stack(0x0000001a1f600000,0x0000001a1f700000)]
  0x000001806ea04800 JavaThread "HikariPool-1 housekeeper" daemon [_thread_blocked, id=8816, stack(0x0000001a1fe00000,0x0000001a1ff00000)]
  0x000001806ec3e800 JavaThread "Catalina-utility-1" [_thread_blocked, id=16144, stack(0x0000001a1ff00000,0x0000001a20000000)]
  0x000001806edf6000 JavaThread "Catalina-utility-2" [_thread_blocked, id=11312, stack(0x0000001a20000000,0x0000001a20100000)]
  0x000001806eb2e000 JavaThread "container-0" [_thread_blocked, id=1532, stack(0x0000001a20100000,0x0000001a20200000)]
  0x000001806ed61000 JavaThread "HikariPool-1 connection adder" daemon [_thread_blocked, id=5272, stack(0x0000001a20200000,0x0000001a20300000)]

Other Threads:
  0x000001806ac97000 VMThread "VM Thread" [stack: 0x0000001a1e800000,0x0000001a1e900000] [id=14360]
  0x000001806baff800 WatcherThread [stack: 0x0000001a1f300000,0x0000001a1f400000] [id=9936]
  0x0000018044faf800 GCTaskThread "GC Thread#0" [stack: 0x0000001a1e300000,0x0000001a1e400000] [id=12472]
  0x000001806c5aa800 GCTaskThread "GC Thread#1" [stack: 0x0000001a1f700000,0x0000001a1f800000] [id=11976]
  0x000001806c76c800 GCTaskThread "GC Thread#2" [stack: 0x0000001a1f800000,0x0000001a1f900000] [id=12056]
  0x000001806c76d000 GCTaskThread "GC Thread#3" [stack: 0x0000001a1f900000,0x0000001a1fa00000] [id=12812]
  0x000001806c580000 GCTaskThread "GC Thread#4" [stack: 0x0000001a1fa00000,0x0000001a1fb00000] [id=6324]
  0x000001806c581000 GCTaskThread "GC Thread#5" [stack: 0x0000001a1fb00000,0x0000001a1fc00000] [id=9744]
  0x000001804500e800 ConcurrentGCThread "G1 Main Marker" [stack: 0x0000001a1e400000,0x0000001a1e500000] [id=6484]
  0x0000018045010000 ConcurrentGCThread "G1 Conc#0" [stack: 0x0000001a1e500000,0x0000001a1e600000] [id=5988]
  0x000001806cd57000 ConcurrentGCThread "G1 Conc#1" [stack: 0x0000001a1fc00000,0x0000001a1fd00000] [id=15388]
  0x000001806cd79000 ConcurrentGCThread "G1 Conc#2" [stack: 0x0000001a1fd00000,0x0000001a1fe00000] [id=2752]
  0x000001806ab80800 ConcurrentGCThread "G1 Refine#0" [stack: 0x0000001a1e600000,0x0000001a1e700000] [id=16244]
  0x000001806ab81800 ConcurrentGCThread "G1 Young RemSet Sampling" [stack: 0x0000001a1e700000,0x0000001a1e800000] [id=9108]

Threads with active compile tasks:
C2 CompilerThread04126       4       jdk.internal.loader.BuiltinClassLoader::defineClass (121 bytes)
C2 CompilerThread14125   !   4       java.net.URL::<init> (543 bytes)
C2 CompilerThread23856       4       jdk.internal.loader.ClassLoaders$AppClassLoader::loadClass (40 bytes)

VM state:not at safepoint (normal execution)

VM Mutex/Monitor currently owned by a thread: None

Heap address: 0x0000000700c00000, size: 4084 MB, Compressed Oops mode: Zero based, Oop shift amount: 3
Narrow klass base: 0x0000000800000000, Narrow klass shift: 0
Compressed class space size: 1073741824 Address: 0x0000000800000000

Heap:
 garbage-first heap   total 315392K, used 143301K [0x0000000700c00000, 0x0000000800000000)
  region size 1024K, 134 young (137216K), 8 survivors (8192K)
 Metaspace       used 53820K, capacity 54863K, committed 54992K, reserved 1097728K
  class space    used 6696K, capacity 7106K, committed 7164K, reserved 1048576K
Heap Regions: E=young(eden), S=young(survivor), O=old, HS=humongous(starts), HC=humongous(continues), CS=collection set, F=free, A=archive, TAMS=top-at-mark-start (previous, next)
|   0|0x0000000700c00000, 0x0000000700d00000, 0x0000000700d00000|100%|HS|  |TAMS 0x0000000700d00000, 0x0000000700c00000| Complete 
|   1|0x0000000700d00000, 0x0000000700e00000, 0x0000000700e00000|100%| O|  |TAMS 0x0000000700e00000, 0x0000000700d00000| Untracked 
|   2|0x0000000700e00000, 0x0000000700f00000, 0x0000000700f00000|100%| O|  |TAMS 0x0000000700f00000, 0x0000000700e00000| Untracked 
|   3|0x0000000700f00000, 0x0000000701000000, 0x0000000701000000|100%| O|  |TAMS 0x0000000701000000, 0x0000000700f00000| Untracked 
|   4|0x0000000701000000, 0x0000000701100000, 0x0000000701100000|100%| O|  |TAMS 0x0000000701100000, 0x0000000701000000| Untracked 
|   5|0x0000000701100000, 0x0000000701200000, 0x0000000701200000|100%| O|  |TAMS 0x0000000701200000, 0x0000000701100000| Untracked 
|   6|0x0000000701200000, 0x0000000701267e00, 0x0000000701300000| 40%| O|  |TAMS 0x0000000701267e00, 0x0000000701200000| Untracked 
|   7|0x0000000701300000, 0x0000000701400000, 0x0000000701400000|100%|HS|  |TAMS 0x0000000701300000, 0x0000000701300000| Complete 
|   8|0x0000000701400000, 0x0000000701500000, 0x0000000701500000|100%|HC|  |TAMS 0x0000000701400000, 0x0000000701400000| Complete 
|   9|0x0000000701500000, 0x0000000701500000, 0x0000000701600000|  0%| F|  |TAMS 0x0000000701500000, 0x0000000701500000| Untracked 
|  10|0x0000000701600000, 0x0000000701600000, 0x0000000701700000|  0%| F|  |TAMS 0x0000000701600000, 0x0000000701600000| Untracked 
|  11|0x0000000701700000, 0x0000000701700000, 0x0000000701800000|  0%| F|  |TAMS 0x0000000701700000, 0x0000000701700000| Untracked 
|  12|0x0000000701800000, 0x0000000701800000, 0x0000000701900000|  0%| F|  |TAMS 0x0000000701800000, 0x0000000701800000| Untracked 
|  13|0x0000000701900000, 0x0000000701900000, 0x0000000701a00000|  0%| F|  |TAMS 0x0000000701900000, 0x0000000701900000| Untracked 
|  14|0x0000000701a00000, 0x0000000701a00000, 0x0000000701b00000|  0%| F|  |TAMS 0x0000000701a00000, 0x0000000701a00000| Untracked 
|  15|0x0000000701b00000, 0x0000000701b00000, 0x0000000701c00000|  0%| F|  |TAMS 0x0000000701b00000, 0x0000000701b00000| Untracked 
|  16|0x0000000701c00000, 0x0000000701c00000, 0x0000000701d00000|  0%| F|  |TAMS 0x0000000701c00000, 0x0000000701c00000| Untracked 
|  17|0x0000000701d00000, 0x0000000701d00000, 0x0000000701e00000|  0%| F|  |TAMS 0x0000000701d00000, 0x0000000701d00000| Untracked 
|  18|0x0000000701e00000, 0x0000000701e00000, 0x0000000701f00000|  0%| F|  |TAMS 0x0000000701e00000, 0x0000000701e00000| Untracked 
|  19|0x0000000701f00000, 0x0000000701f00000, 0x0000000702000000|  0%| F|  |TAMS 0x0000000701f00000, 0x0000000701f00000| Untracked 
|  20|0x0000000702000000, 0x0000000702000000, 0x0000000702100000|  0%| F|  |TAMS 0x0000000702000000, 0x0000000702000000| Untracked 
|  21|0x0000000702100000, 0x0000000702100000, 0x0000000702200000|  0%| F|  |TAMS 0x0000000702100000, 0x0000000702100000| Untracked 
|  22|0x0000000702200000, 0x0000000702200000, 0x0000000702300000|  0%| F|  |TAMS 0x0000000702200000, 0x0000000702200000| Untracked 
|  23|0x0000000702300000, 0x0000000702300000, 0x0000000702400000|  0%| F|  |TAMS 0x0000000702300000, 0x0000000702300000| Untracked 
|  24|0x0000000702400000, 0x0000000702400000, 0x0000000702500000|  0%| F|  |TAMS 0x0000000702400000, 0x0000000702400000| Untracked 
|  25|0x0000000702500000, 0x0000000702500000, 0x0000000702600000|  0%| F|  |TAMS 0x0000000702500000, 0x0000000702500000| Untracked 
|  26|0x0000000702600000, 0x0000000702600000, 0x0000000702700000|  0%| F|  |TAMS 0x0000000702600000, 0x0000000702600000| Untracked 
|  27|0x0000000702700000, 0x0000000702700000, 0x0000000702800000|  0%| F|  |TAMS 0x0000000702700000, 0x0000000702700000| Untracked 
|  28|0x0000000702800000, 0x0000000702800000, 0x0000000702900000|  0%| F|  |TAMS 0x0000000702800000, 0x0000000702800000| Untracked 
|  29|0x0000000702900000, 0x0000000702900000, 0x0000000702a00000|  0%| F|  |TAMS 0x0000000702900000, 0x0000000702900000| Untracked 
|  30|0x0000000702a00000, 0x0000000702a00000, 0x0000000702b00000|  0%| F|  |TAMS 0x0000000702a00000, 0x0000000702a00000| Untracked 
|  31|0x0000000702b00000, 0x0000000702b00000, 0x0000000702c00000|  0%| F|  |TAMS 0x0000000702b00000, 0x0000000702b00000| Untracked 
|  32|0x0000000702c00000, 0x0000000702c00000, 0x0000000702d00000|  0%| F|  |TAMS 0x0000000702c00000, 0x0000000702c00000| Untracked 
|  33|0x0000000702d00000, 0x0000000702d00000, 0x0000000702e00000|  0%| F|  |TAMS 0x0000000702d00000, 0x0000000702d00000| Untracked 
|  34|0x0000000702e00000, 0x0000000702e00000, 0x0000000702f00000|  0%| F|  |TAMS 0x0000000702e00000, 0x0000000702e00000| Untracked 
|  35|0x0000000702f00000, 0x0000000702f00000, 0x0000000703000000|  0%| F|  |TAMS 0x0000000702f00000, 0x0000000702f00000| Untracked 
|  36|0x0000000703000000, 0x0000000703000000, 0x0000000703100000|  0%| F|  |TAMS 0x0000000703000000, 0x0000000703000000| Untracked 
|  37|0x0000000703100000, 0x0000000703100000, 0x0000000703200000|  0%| F|  |TAMS 0x0000000703100000, 0x0000000703100000| Untracked 
|  38|0x0000000703200000, 0x0000000703200000, 0x0000000703300000|  0%| F|  |TAMS 0x0000000703200000, 0x0000000703200000| Untracked 
|  39|0x0000000703300000, 0x0000000703300000, 0x0000000703400000|  0%| F|  |TAMS 0x0000000703300000, 0x0000000703300000| Untracked 
|  40|0x0000000703400000, 0x0000000703400000, 0x0000000703500000|  0%| F|  |TAMS 0x0000000703400000, 0x0000000703400000| Untracked 
|  41|0x0000000703500000, 0x0000000703500000, 0x0000000703600000|  0%| F|  |TAMS 0x0000000703500000, 0x0000000703500000| Untracked 
|  42|0x0000000703600000, 0x0000000703600000, 0x0000000703700000|  0%| F|  |TAMS 0x0000000703600000, 0x0000000703600000| Untracked 
|  43|0x0000000703700000, 0x0000000703700000, 0x0000000703800000|  0%| F|  |TAMS 0x0000000703700000, 0x0000000703700000| Untracked 
|  44|0x0000000703800000, 0x0000000703800000, 0x0000000703900000|  0%| F|  |TAMS 0x0000000703800000, 0x0000000703800000| Untracked 
|  45|0x0000000703900000, 0x0000000703900000, 0x0000000703a00000|  0%| F|  |TAMS 0x0000000703900000, 0x0000000703900000| Untracked 
|  46|0x0000000703a00000, 0x0000000703a00000, 0x0000000703b00000|  0%| F|  |TAMS 0x0000000703a00000, 0x0000000703a00000| Untracked 
|  47|0x0000000703b00000, 0x0000000703b00000, 0x0000000703c00000|  0%| F|  |TAMS 0x0000000703b00000, 0x0000000703b00000| Untracked 
|  48|0x0000000703c00000, 0x0000000703c00000, 0x0000000703d00000|  0%| F|  |TAMS 0x0000000703c00000, 0x0000000703c00000| Untracked 
|  49|0x0000000703d00000, 0x0000000703d00000, 0x0000000703e00000|  0%| F|  |TAMS 0x0000000703d00000, 0x0000000703d00000| Untracked 
|  50|0x0000000703e00000, 0x0000000703e00000, 0x0000000703f00000|  0%| F|  |TAMS 0x0000000703e00000, 0x0000000703e00000| Untracked 
|  51|0x0000000703f00000, 0x0000000703f00000, 0x0000000704000000|  0%| F|  |TAMS 0x0000000703f00000, 0x0000000703f00000| Untracked 
|  52|0x0000000704000000, 0x0000000704000000, 0x0000000704100000|  0%| F|  |TAMS 0x0000000704000000, 0x0000000704000000| Untracked 
|  53|0x0000000704100000, 0x0000000704100000, 0x0000000704200000|  0%| F|  |TAMS 0x0000000704100000, 0x0000000704100000| Untracked 
|  54|0x0000000704200000, 0x0000000704200000, 0x0000000704300000|  0%| F|  |TAMS 0x0000000704200000, 0x0000000704200000| Untracked 
|  55|0x0000000704300000, 0x0000000704300000, 0x0000000704400000|  0%| F|  |TAMS 0x0000000704300000, 0x0000000704300000| Untracked 
|  56|0x0000000704400000, 0x0000000704400000, 0x0000000704500000|  0%| F|  |TAMS 0x0000000704400000, 0x0000000704400000| Untracked 
|  57|0x0000000704500000, 0x0000000704500000, 0x0000000704600000|  0%| F|  |TAMS 0x0000000704500000, 0x0000000704500000| Untracked 
|  58|0x0000000704600000, 0x0000000704600000, 0x0000000704700000|  0%| F|  |TAMS 0x0000000704600000, 0x0000000704600000| Untracked 
|  59|0x0000000704700000, 0x0000000704700000, 0x0000000704800000|  0%| F|  |TAMS 0x0000000704700000, 0x0000000704700000| Untracked 
|  60|0x0000000704800000, 0x0000000704800000, 0x0000000704900000|  0%| F|  |TAMS 0x0000000704800000, 0x0000000704800000| Untracked 
|  61|0x0000000704900000, 0x0000000704900000, 0x0000000704a00000|  0%| F|  |TAMS 0x0000000704900000, 0x0000000704900000| Untracked 
|  62|0x0000000704a00000, 0x0000000704a00000, 0x0000000704b00000|  0%| F|  |TAMS 0x0000000704a00000, 0x0000000704a00000| Untracked 
|  63|0x0000000704b00000, 0x0000000704b00000, 0x0000000704c00000|  0%| F|  |TAMS 0x0000000704b00000, 0x0000000704b00000| Untracked 
|  64|0x0000000704c00000, 0x0000000704c00000, 0x0000000704d00000|  0%| F|  |TAMS 0x0000000704c00000, 0x0000000704c00000| Untracked 
|  65|0x0000000704d00000, 0x0000000704d00000, 0x0000000704e00000|  0%| F|  |TAMS 0x0000000704d00000, 0x0000000704d00000| Untracked 
|  66|0x0000000704e00000, 0x0000000704e00000, 0x0000000704f00000|  0%| F|  |TAMS 0x0000000704e00000, 0x0000000704e00000| Untracked 
|  67|0x0000000704f00000, 0x0000000704f00000, 0x0000000705000000|  0%| F|  |TAMS 0x0000000704f00000, 0x0000000704f00000| Untracked 
|  68|0x0000000705000000, 0x0000000705000000, 0x0000000705100000|  0%| F|  |TAMS 0x0000000705000000, 0x0000000705000000| Untracked 
|  69|0x0000000705100000, 0x0000000705100000, 0x0000000705200000|  0%| F|  |TAMS 0x0000000705100000, 0x0000000705100000| Untracked 
|  70|0x0000000705200000, 0x0000000705200000, 0x0000000705300000|  0%| F|  |TAMS 0x0000000705200000, 0x0000000705200000| Untracked 
|  71|0x0000000705300000, 0x0000000705300000, 0x0000000705400000|  0%| F|  |TAMS 0x0000000705300000, 0x0000000705300000| Untracked 
|  72|0x0000000705400000, 0x0000000705400000, 0x0000000705500000|  0%| F|  |TAMS 0x0000000705400000, 0x0000000705400000| Untracked 
|  73|0x0000000705500000, 0x0000000705500000, 0x0000000705600000|  0%| F|  |TAMS 0x0000000705500000, 0x0000000705500000| Untracked 
|  74|0x0000000705600000, 0x0000000705600000, 0x0000000705700000|  0%| F|  |TAMS 0x0000000705600000, 0x0000000705600000| Untracked 
|  75|0x0000000705700000, 0x0000000705700000, 0x0000000705800000|  0%| F|  |TAMS 0x0000000705700000, 0x0000000705700000| Untracked 
|  76|0x0000000705800000, 0x0000000705800000, 0x0000000705900000|  0%| F|  |TAMS 0x0000000705800000, 0x0000000705800000| Untracked 
|  77|0x0000000705900000, 0x0000000705900000, 0x0000000705a00000|  0%| F|  |TAMS 0x0000000705900000, 0x0000000705900000| Untracked 
|  78|0x0000000705a00000, 0x0000000705a00000, 0x0000000705b00000|  0%| F|  |TAMS 0x0000000705a00000, 0x0000000705a00000| Untracked 
|  79|0x0000000705b00000, 0x0000000705b00000, 0x0000000705c00000|  0%| F|  |TAMS 0x0000000705b00000, 0x0000000705b00000| Untracked 
|  80|0x0000000705c00000, 0x0000000705c00000, 0x0000000705d00000|  0%| F|  |TAMS 0x0000000705c00000, 0x0000000705c00000| Untracked 
|  81|0x0000000705d00000, 0x0000000705d00000, 0x0000000705e00000|  0%| F|  |TAMS 0x0000000705d00000, 0x0000000705d00000| Untracked 
|  82|0x0000000705e00000, 0x0000000705e00000, 0x0000000705f00000|  0%| F|  |TAMS 0x0000000705e00000, 0x0000000705e00000| Untracked 
|  83|0x0000000705f00000, 0x0000000705f00000, 0x0000000706000000|  0%| F|  |TAMS 0x0000000705f00000, 0x0000000705f00000| Untracked 
|  84|0x0000000706000000, 0x0000000706000000, 0x0000000706100000|  0%| F|  |TAMS 0x0000000706000000, 0x0000000706000000| Untracked 
|  85|0x0000000706100000, 0x0000000706100000, 0x0000000706200000|  0%| F|  |TAMS 0x0000000706100000, 0x0000000706100000| Untracked 
|  86|0x0000000706200000, 0x0000000706200000, 0x0000000706300000|  0%| F|  |TAMS 0x0000000706200000, 0x0000000706200000| Untracked 
|  87|0x0000000706300000, 0x0000000706300000, 0x0000000706400000|  0%| F|  |TAMS 0x0000000706300000, 0x0000000706300000| Untracked 
|  88|0x0000000706400000, 0x0000000706400000, 0x0000000706500000|  0%| F|  |TAMS 0x0000000706400000, 0x0000000706400000| Untracked 
|  89|0x0000000706500000, 0x0000000706500000, 0x0000000706600000|  0%| F|  |TAMS 0x0000000706500000, 0x0000000706500000| Untracked 
|  90|0x0000000706600000, 0x0000000706600000, 0x0000000706700000|  0%| F|  |TAMS 0x0000000706600000, 0x0000000706600000| Untracked 
|  91|0x0000000706700000, 0x0000000706700000, 0x0000000706800000|  0%| F|  |TAMS 0x0000000706700000, 0x0000000706700000| Untracked 
|  92|0x0000000706800000, 0x0000000706800000, 0x0000000706900000|  0%| F|  |TAMS 0x0000000706800000, 0x0000000706800000| Untracked 
|  93|0x0000000706900000, 0x0000000706900000, 0x0000000706a00000|  0%| F|  |TAMS 0x0000000706900000, 0x0000000706900000| Untracked 
|  94|0x0000000706a00000, 0x0000000706a00000, 0x0000000706b00000|  0%| F|  |TAMS 0x0000000706a00000, 0x0000000706a00000| Untracked 
|  95|0x0000000706b00000, 0x0000000706b00000, 0x0000000706c00000|  0%| F|  |TAMS 0x0000000706b00000, 0x0000000706b00000| Untracked 
|  96|0x0000000706c00000, 0x0000000706c00000, 0x0000000706d00000|  0%| F|  |TAMS 0x0000000706c00000, 0x0000000706c00000| Untracked 
|  97|0x0000000706d00000, 0x0000000706d00000, 0x0000000706e00000|  0%| F|  |TAMS 0x0000000706d00000, 0x0000000706d00000| Untracked 
|  98|0x0000000706e00000, 0x0000000706e00000, 0x0000000706f00000|  0%| F|  |TAMS 0x0000000706e00000, 0x0000000706e00000| Untracked 
|  99|0x0000000706f00000, 0x0000000706f00000, 0x0000000707000000|  0%| F|  |TAMS 0x0000000706f00000, 0x0000000706f00000| Untracked 
| 100|0x0000000707000000, 0x0000000707000000, 0x0000000707100000|  0%| F|  |TAMS 0x0000000707000000, 0x0000000707000000| Untracked 
| 101|0x0000000707100000, 0x0000000707100000, 0x0000000707200000|  0%| F|  |TAMS 0x0000000707100000, 0x0000000707100000| Untracked 
| 102|0x0000000707200000, 0x0000000707200000, 0x0000000707300000|  0%| F|  |TAMS 0x0000000707200000, 0x0000000707200000| Untracked 
| 103|0x0000000707300000, 0x0000000707300000, 0x0000000707400000|  0%| F|  |TAMS 0x0000000707300000, 0x0000000707300000| Untracked 
| 104|0x0000000707400000, 0x0000000707400000, 0x0000000707500000|  0%| F|  |TAMS 0x0000000707400000, 0x0000000707400000| Untracked 
| 105|0x0000000707500000, 0x0000000707500000, 0x0000000707600000|  0%| F|  |TAMS 0x0000000707500000, 0x0000000707500000| Untracked 
| 106|0x0000000707600000, 0x0000000707600000, 0x0000000707700000|  0%| F|  |TAMS 0x0000000707600000, 0x0000000707600000| Untracked 
| 107|0x0000000707700000, 0x0000000707700000, 0x0000000707800000|  0%| F|  |TAMS 0x0000000707700000, 0x0000000707700000| Untracked 
| 108|0x0000000707800000, 0x0000000707800000, 0x0000000707900000|  0%| F|  |TAMS 0x0000000707800000, 0x0000000707800000| Untracked 
| 109|0x0000000707900000, 0x0000000707900000, 0x0000000707a00000|  0%| F|  |TAMS 0x0000000707900000, 0x0000000707900000| Untracked 
| 110|0x0000000707a00000, 0x0000000707a00000, 0x0000000707b00000|  0%| F|  |TAMS 0x0000000707a00000, 0x0000000707a00000| Untracked 
| 111|0x0000000707b00000, 0x0000000707b00000, 0x0000000707c00000|  0%| F|  |TAMS 0x0000000707b00000, 0x0000000707b00000| Untracked 
| 112|0x0000000707c00000, 0x0000000707c00000, 0x0000000707d00000|  0%| F|  |TAMS 0x0000000707c00000, 0x0000000707c00000| Untracked 
| 113|0x0000000707d00000, 0x0000000707d00000, 0x0000000707e00000|  0%| F|  |TAMS 0x0000000707d00000, 0x0000000707d00000| Untracked 
| 114|0x0000000707e00000, 0x0000000707e00000, 0x0000000707f00000|  0%| F|  |TAMS 0x0000000707e00000, 0x0000000707e00000| Untracked 
| 115|0x0000000707f00000, 0x0000000707f00000, 0x0000000708000000|  0%| F|  |TAMS 0x0000000707f00000, 0x0000000707f00000| Untracked 
| 116|0x0000000708000000, 0x0000000708000000, 0x0000000708100000|  0%| F|  |TAMS 0x0000000708000000, 0x0000000708000000| Untracked 
| 117|0x0000000708100000, 0x0000000708100000, 0x0000000708200000|  0%| F|  |TAMS 0x0000000708100000, 0x0000000708100000| Untracked 
| 118|0x0000000708200000, 0x0000000708200000, 0x0000000708300000|  0%| F|  |TAMS 0x0000000708200000, 0x0000000708200000| Untracked 
| 119|0x0000000708300000, 0x0000000708300000, 0x0000000708400000|  0%| F|  |TAMS 0x0000000708300000, 0x0000000708300000| Untracked 
| 120|0x0000000708400000, 0x0000000708400000, 0x0000000708500000|  0%| F|  |TAMS 0x0000000708400000, 0x0000000708400000| Untracked 
| 121|0x0000000708500000, 0x0000000708500000, 0x0000000708600000|  0%| F|  |TAMS 0x0000000708500000, 0x0000000708500000| Untracked 
| 122|0x0000000708600000, 0x0000000708600000, 0x0000000708700000|  0%| F|  |TAMS 0x0000000708600000, 0x0000000708600000| Untracked 
| 123|0x0000000708700000, 0x0000000708700000, 0x0000000708800000|  0%| F|  |TAMS 0x0000000708700000, 0x0000000708700000| Untracked 
| 124|0x0000000708800000, 0x0000000708800000, 0x0000000708900000|  0%| F|  |TAMS 0x0000000708800000, 0x0000000708800000| Untracked 
| 125|0x0000000708900000, 0x0000000708900000, 0x0000000708a00000|  0%| F|  |TAMS 0x0000000708900000, 0x0000000708900000| Untracked 
| 126|0x0000000708a00000, 0x0000000708a00000, 0x0000000708b00000|  0%| F|  |TAMS 0x0000000708a00000, 0x0000000708a00000| Untracked 
| 127|0x0000000708b00000, 0x0000000708b00000, 0x0000000708c00000|  0%| F|  |TAMS 0x0000000708b00000, 0x0000000708b00000| Untracked 
| 128|0x0000000708c00000, 0x0000000708c00000, 0x0000000708d00000|  0%| F|  |TAMS 0x0000000708c00000, 0x0000000708c00000| Untracked 
| 129|0x0000000708d00000, 0x0000000708d00000, 0x0000000708e00000|  0%| F|  |TAMS 0x0000000708d00000, 0x0000000708d00000| Untracked 
| 130|0x0000000708e00000, 0x0000000708e00000, 0x0000000708f00000|  0%| F|  |TAMS 0x0000000708e00000, 0x0000000708e00000| Untracked 
| 131|0x0000000708f00000, 0x0000000708f00000, 0x0000000709000000|  0%| F|  |TAMS 0x0000000708f00000, 0x0000000708f00000| Untracked 
| 132|0x0000000709000000, 0x0000000709000000, 0x0000000709100000|  0%| F|  |TAMS 0x0000000709000000, 0x0000000709000000| Untracked 
| 133|0x0000000709100000, 0x0000000709100000, 0x0000000709200000|  0%| F|  |TAMS 0x0000000709100000, 0x0000000709100000| Untracked 
| 134|0x0000000709200000, 0x0000000709200000, 0x0000000709300000|  0%| F|  |TAMS 0x0000000709200000, 0x0000000709200000| Untracked 
| 135|0x0000000709300000, 0x0000000709300000, 0x0000000709400000|  0%| F|  |TAMS 0x0000000709300000, 0x0000000709300000| Untracked 
| 136|0x0000000709400000, 0x0000000709400000, 0x0000000709500000|  0%| F|  |TAMS 0x0000000709400000, 0x0000000709400000| Untracked 
| 137|0x0000000709500000, 0x0000000709500000, 0x0000000709600000|  0%| F|  |TAMS 0x0000000709500000, 0x0000000709500000| Untracked 
| 138|0x0000000709600000, 0x0000000709600000, 0x0000000709700000|  0%| F|  |TAMS 0x0000000709600000, 0x0000000709600000| Untracked 
| 139|0x0000000709700000, 0x0000000709700000, 0x0000000709800000|  0%| F|  |TAMS 0x0000000709700000, 0x0000000709700000| Untracked 
| 140|0x0000000709800000, 0x0000000709800000, 0x0000000709900000|  0%| F|  |TAMS 0x0000000709800000, 0x0000000709800000| Untracked 
| 141|0x0000000709900000, 0x0000000709900000, 0x0000000709a00000|  0%| F|  |TAMS 0x0000000709900000, 0x0000000709900000| Untracked 
| 142|0x0000000709a00000, 0x0000000709a00000, 0x0000000709b00000|  0%| F|  |TAMS 0x0000000709a00000, 0x0000000709a00000| Untracked 
| 143|0x0000000709b00000, 0x0000000709b00000, 0x0000000709c00000|  0%| F|  |TAMS 0x0000000709b00000, 0x0000000709b00000| Untracked 
| 144|0x0000000709c00000, 0x0000000709c00000, 0x0000000709d00000|  0%| F|  |TAMS 0x0000000709c00000, 0x0000000709c00000| Untracked 
| 145|0x0000000709d00000, 0x0000000709d00000, 0x0000000709e00000|  0%| F|  |TAMS 0x0000000709d00000, 0x0000000709d00000| Untracked 
| 146|0x0000000709e00000, 0x0000000709e00000, 0x0000000709f00000|  0%| F|  |TAMS 0x0000000709e00000, 0x0000000709e00000| Untracked 
| 147|0x0000000709f00000, 0x0000000709f00000, 0x000000070a000000|  0%| F|  |TAMS 0x0000000709f00000, 0x0000000709f00000| Untracked 
| 148|0x000000070a000000, 0x000000070a000000, 0x000000070a100000|  0%| F|  |TAMS 0x000000070a000000, 0x000000070a000000| Untracked 
| 149|0x000000070a100000, 0x000000070a100000, 0x000000070a200000|  0%| F|  |TAMS 0x000000070a100000, 0x000000070a100000| Untracked 
| 150|0x000000070a200000, 0x000000070a200000, 0x000000070a300000|  0%| F|  |TAMS 0x000000070a200000, 0x000000070a200000| Untracked 
| 151|0x000000070a300000, 0x000000070a300000, 0x000000070a400000|  0%| F|  |TAMS 0x000000070a300000, 0x000000070a300000| Untracked 
| 152|0x000000070a400000, 0x000000070a400000, 0x000000070a500000|  0%| F|  |TAMS 0x000000070a400000, 0x000000070a400000| Untracked 
| 153|0x000000070a500000, 0x000000070a500000, 0x000000070a600000|  0%| F|  |TAMS 0x000000070a500000, 0x000000070a500000| Untracked 
| 154|0x000000070a600000, 0x000000070a600000, 0x000000070a700000|  0%| F|  |TAMS 0x000000070a600000, 0x000000070a600000| Untracked 
| 155|0x000000070a700000, 0x000000070a700000, 0x000000070a800000|  0%| F|  |TAMS 0x000000070a700000, 0x000000070a700000| Untracked 
| 156|0x000000070a800000, 0x000000070a800000, 0x000000070a900000|  0%| F|  |TAMS 0x000000070a800000, 0x000000070a800000| Untracked 
| 157|0x000000070a900000, 0x000000070a900000, 0x000000070aa00000|  0%| F|  |TAMS 0x000000070a900000, 0x000000070a900000| Untracked 
| 158|0x000000070aa00000, 0x000000070aa00000, 0x000000070ab00000|  0%| F|  |TAMS 0x000000070aa00000, 0x000000070aa00000| Untracked 
| 159|0x000000070ab00000, 0x000000070ab00000, 0x000000070ac00000|  0%| F|  |TAMS 0x000000070ab00000, 0x000000070ab00000| Untracked 
| 160|0x000000070ac00000, 0x000000070ac00000, 0x000000070ad00000|  0%| F|  |TAMS 0x000000070ac00000, 0x000000070ac00000| Untracked 
| 161|0x000000070ad00000, 0x000000070ad00000, 0x000000070ae00000|  0%| F|  |TAMS 0x000000070ad00000, 0x000000070ad00000| Untracked 
| 162|0x000000070ae00000, 0x000000070ae00000, 0x000000070af00000|  0%| F|  |TAMS 0x000000070ae00000, 0x000000070ae00000| Untracked 
| 163|0x000000070af00000, 0x000000070af00000, 0x000000070b000000|  0%| F|  |TAMS 0x000000070af00000, 0x000000070af00000| Untracked 
| 164|0x000000070b000000, 0x000000070b000000, 0x000000070b100000|  0%| F|  |TAMS 0x000000070b000000, 0x000000070b000000| Untracked 
| 165|0x000000070b100000, 0x000000070b100000, 0x000000070b200000|  0%| F|  |TAMS 0x000000070b100000, 0x000000070b100000| Untracked 
| 166|0x000000070b200000, 0x000000070b200000, 0x000000070b300000|  0%| F|  |TAMS 0x000000070b200000, 0x000000070b200000| Untracked 
| 167|0x000000070b300000, 0x000000070b300000, 0x000000070b400000|  0%| F|  |TAMS 0x000000070b300000, 0x000000070b300000| Untracked 
| 168|0x000000070b400000, 0x000000070b400000, 0x000000070b500000|  0%| F|  |TAMS 0x000000070b400000, 0x000000070b400000| Untracked 
| 169|0x000000070b500000, 0x000000070b500000, 0x000000070b600000|  0%| F|  |TAMS 0x000000070b500000, 0x000000070b500000| Untracked 
| 170|0x000000070b600000, 0x000000070b600000, 0x000000070b700000|  0%| F|  |TAMS 0x000000070b600000, 0x000000070b600000| Untracked 
| 171|0x000000070b700000, 0x000000070b700000, 0x000000070b800000|  0%| F|  |TAMS 0x000000070b700000, 0x000000070b700000| Untracked 
| 172|0x000000070b800000, 0x000000070b800000, 0x000000070b900000|  0%| F|  |TAMS 0x000000070b800000, 0x000000070b800000| Untracked 
| 173|0x000000070b900000, 0x000000070b900000, 0x000000070ba00000|  0%| F|  |TAMS 0x000000070b900000, 0x000000070b900000| Untracked 
| 174|0x000000070ba00000, 0x000000070bb00000, 0x000000070bb00000|100%| E|  |TAMS 0x000000070ba00000, 0x000000070ba00000| Complete 
| 175|0x000000070bb00000, 0x000000070bc00000, 0x000000070bc00000|100%| E|CS|TAMS 0x000000070bb00000, 0x000000070bb00000| Complete 
| 176|0x000000070bc00000, 0x000000070bd00000, 0x000000070bd00000|100%| E|CS|TAMS 0x000000070bc00000, 0x000000070bc00000| Complete 
| 177|0x000000070bd00000, 0x000000070be00000, 0x000000070be00000|100%| E|CS|TAMS 0x000000070bd00000, 0x000000070bd00000| Complete 
| 178|0x000000070be00000, 0x000000070bf00000, 0x000000070bf00000|100%| E|CS|TAMS 0x000000070be00000, 0x000000070be00000| Complete 
| 179|0x000000070bf00000, 0x000000070c000000, 0x000000070c000000|100%| E|CS|TAMS 0x000000070bf00000, 0x000000070bf00000| Complete 
| 180|0x000000070c000000, 0x000000070c100000, 0x000000070c100000|100%| E|CS|TAMS 0x000000070c000000, 0x000000070c000000| Complete 
| 181|0x000000070c100000, 0x000000070c200000, 0x000000070c200000|100%| E|CS|TAMS 0x000000070c100000, 0x000000070c100000| Complete 
| 182|0x000000070c200000, 0x000000070c300000, 0x000000070c300000|100%| E|CS|TAMS 0x000000070c200000, 0x000000070c200000| Complete 
| 183|0x000000070c300000, 0x000000070c400000, 0x000000070c400000|100%| E|CS|TAMS 0x000000070c300000, 0x000000070c300000| Complete 
| 184|0x000000070c400000, 0x000000070c500000, 0x000000070c500000|100%| E|CS|TAMS 0x000000070c400000, 0x000000070c400000| Complete 
| 185|0x000000070c500000, 0x000000070c600000, 0x000000070c600000|100%| E|CS|TAMS 0x000000070c500000, 0x000000070c500000| Complete 
| 186|0x000000070c600000, 0x000000070c700000, 0x000000070c700000|100%| E|CS|TAMS 0x000000070c600000, 0x000000070c600000| Complete 
| 187|0x000000070c700000, 0x000000070c800000, 0x000000070c800000|100%| E|CS|TAMS 0x000000070c700000, 0x000000070c700000| Complete 
| 188|0x000000070c800000, 0x000000070c900000, 0x000000070c900000|100%| E|CS|TAMS 0x000000070c800000, 0x000000070c800000| Complete 
| 189|0x000000070c900000, 0x000000070ca00000, 0x000000070ca00000|100%| E|CS|TAMS 0x000000070c900000, 0x000000070c900000| Complete 
| 190|0x000000070ca00000, 0x000000070cb00000, 0x000000070cb00000|100%| E|CS|TAMS 0x000000070ca00000, 0x000000070ca00000| Complete 
| 191|0x000000070cb00000, 0x000000070cc00000, 0x000000070cc00000|100%| E|CS|TAMS 0x000000070cb00000, 0x000000070cb00000| Complete 
| 192|0x000000070cc00000, 0x000000070cd00000, 0x000000070cd00000|100%| E|CS|TAMS 0x000000070cc00000, 0x000000070cc00000| Complete 
| 193|0x000000070cd00000, 0x000000070ce00000, 0x000000070ce00000|100%| E|CS|TAMS 0x000000070cd00000, 0x000000070cd00000| Complete 
| 194|0x000000070ce00000, 0x000000070cf00000, 0x000000070cf00000|100%| E|CS|TAMS 0x000000070ce00000, 0x000000070ce00000| Complete 
| 195|0x000000070cf00000, 0x000000070d000000, 0x000000070d000000|100%| E|CS|TAMS 0x000000070cf00000, 0x000000070cf00000| Complete 
| 196|0x000000070d000000, 0x000000070d100000, 0x000000070d100000|100%| E|CS|TAMS 0x000000070d000000, 0x000000070d000000| Complete 
| 197|0x000000070d100000, 0x000000070d200000, 0x000000070d200000|100%| E|CS|TAMS 0x000000070d100000, 0x000000070d100000| Complete 
| 198|0x000000070d200000, 0x000000070d300000, 0x000000070d300000|100%| E|CS|TAMS 0x000000070d200000, 0x000000070d200000| Complete 
| 199|0x000000070d300000, 0x000000070d400000, 0x000000070d400000|100%| E|CS|TAMS 0x000000070d300000, 0x000000070d300000| Complete 
| 200|0x000000070d400000, 0x000000070d500000, 0x000000070d500000|100%| E|CS|TAMS 0x000000070d400000, 0x000000070d400000| Complete 
| 201|0x000000070d500000, 0x000000070d600000, 0x000000070d600000|100%| E|CS|TAMS 0x000000070d500000, 0x000000070d500000| Complete 
| 202|0x000000070d600000, 0x000000070d700000, 0x000000070d700000|100%| E|CS|TAMS 0x000000070d600000, 0x000000070d600000| Complete 
| 203|0x000000070d700000, 0x000000070d800000, 0x000000070d800000|100%| E|CS|TAMS 0x000000070d700000, 0x000000070d700000| Complete 
| 204|0x000000070d800000, 0x000000070d900000, 0x000000070d900000|100%| E|CS|TAMS 0x000000070d800000, 0x000000070d800000| Complete 
| 205|0x000000070d900000, 0x000000070da00000, 0x000000070da00000|100%| E|CS|TAMS 0x000000070d900000, 0x000000070d900000| Complete 
| 206|0x000000070da00000, 0x000000070db00000, 0x000000070db00000|100%| E|CS|TAMS 0x000000070da00000, 0x000000070da00000| Complete 
| 207|0x000000070db00000, 0x000000070dc00000, 0x000000070dc00000|100%| E|CS|TAMS 0x000000070db00000, 0x000000070db00000| Complete 
| 208|0x000000070dc00000, 0x000000070dd00000, 0x000000070dd00000|100%| E|CS|TAMS 0x000000070dc00000, 0x000000070dc00000| Complete 
| 209|0x000000070dd00000, 0x000000070de00000, 0x000000070de00000|100%| E|CS|TAMS 0x000000070dd00000, 0x000000070dd00000| Complete 
| 210|0x000000070de00000, 0x000000070df00000, 0x000000070df00000|100%| E|CS|TAMS 0x000000070de00000, 0x000000070de00000| Complete 
| 211|0x000000070df00000, 0x000000070e000000, 0x000000070e000000|100%| E|CS|TAMS 0x000000070df00000, 0x000000070df00000| Complete 
| 212|0x000000070e000000, 0x000000070e100000, 0x000000070e100000|100%| E|CS|TAMS 0x000000070e000000, 0x000000070e000000| Complete 
| 213|0x000000070e100000, 0x000000070e200000, 0x000000070e200000|100%| E|CS|TAMS 0x000000070e100000, 0x000000070e100000| Complete 
| 214|0x000000070e200000, 0x000000070e300000, 0x000000070e300000|100%| E|CS|TAMS 0x000000070e200000, 0x000000070e200000| Complete 
| 215|0x000000070e300000, 0x000000070e400000, 0x000000070e400000|100%| E|CS|TAMS 0x000000070e300000, 0x000000070e300000| Complete 
| 216|0x000000070e400000, 0x000000070e500000, 0x000000070e500000|100%| E|CS|TAMS 0x000000070e400000, 0x000000070e400000| Complete 
| 217|0x000000070e500000, 0x000000070e600000, 0x000000070e600000|100%| E|CS|TAMS 0x000000070e500000, 0x000000070e500000| Complete 
| 218|0x000000070e600000, 0x000000070e700000, 0x000000070e700000|100%| E|CS|TAMS 0x000000070e600000, 0x000000070e600000| Complete 
| 219|0x000000070e700000, 0x000000070e800000, 0x000000070e800000|100%| E|CS|TAMS 0x000000070e700000, 0x000000070e700000| Complete 
| 220|0x000000070e800000, 0x000000070e900000, 0x000000070e900000|100%| E|CS|TAMS 0x000000070e800000, 0x000000070e800000| Complete 
| 221|0x000000070e900000, 0x000000070ea00000, 0x000000070ea00000|100%| E|CS|TAMS 0x000000070e900000, 0x000000070e900000| Complete 
| 222|0x000000070ea00000, 0x000000070eb00000, 0x000000070eb00000|100%| E|CS|TAMS 0x000000070ea00000, 0x000000070ea00000| Complete 
| 223|0x000000070eb00000, 0x000000070ec00000, 0x000000070ec00000|100%| E|CS|TAMS 0x000000070eb00000, 0x000000070eb00000| Complete 
| 224|0x000000070ec00000, 0x000000070ed00000, 0x000000070ed00000|100%| E|CS|TAMS 0x000000070ec00000, 0x000000070ec00000| Complete 
| 225|0x000000070ed00000, 0x000000070ee00000, 0x000000070ee00000|100%| E|CS|TAMS 0x000000070ed00000, 0x000000070ed00000| Complete 
| 226|0x000000070ee00000, 0x000000070ef00000, 0x000000070ef00000|100%| E|CS|TAMS 0x000000070ee00000, 0x000000070ee00000| Complete 
| 227|0x000000070ef00000, 0x000000070f000000, 0x000000070f000000|100%| E|CS|TAMS 0x000000070ef00000, 0x000000070ef00000| Complete 
| 228|0x000000070f000000, 0x000000070f100000, 0x000000070f100000|100%| E|CS|TAMS 0x000000070f000000, 0x000000070f000000| Complete 
| 229|0x000000070f100000, 0x000000070f200000, 0x000000070f200000|100%| E|CS|TAMS 0x000000070f100000, 0x000000070f100000| Complete 
| 230|0x000000070f200000, 0x000000070f300000, 0x000000070f300000|100%| E|CS|TAMS 0x000000070f200000, 0x000000070f200000| Complete 
| 231|0x000000070f300000, 0x000000070f400000, 0x000000070f400000|100%| E|CS|TAMS 0x000000070f300000, 0x000000070f300000| Complete 
| 232|0x000000070f400000, 0x000000070f500000, 0x000000070f500000|100%| E|CS|TAMS 0x000000070f400000, 0x000000070f400000| Complete 
| 233|0x000000070f500000, 0x000000070f600000, 0x000000070f600000|100%| E|CS|TAMS 0x000000070f500000, 0x000000070f500000| Complete 
| 234|0x000000070f600000, 0x000000070f700000, 0x000000070f700000|100%| E|CS|TAMS 0x000000070f600000, 0x000000070f600000| Complete 
| 235|0x000000070f700000, 0x000000070f800000, 0x000000070f800000|100%| E|CS|TAMS 0x000000070f700000, 0x000000070f700000| Complete 
| 236|0x000000070f800000, 0x000000070f900000, 0x000000070f900000|100%| E|CS|TAMS 0x000000070f800000, 0x000000070f800000| Complete 
| 237|0x000000070f900000, 0x000000070f989760, 0x000000070fa00000| 53%| S|CS|TAMS 0x000000070f900000, 0x000000070f900000| Complete 
| 238|0x000000070fa00000, 0x000000070fb00000, 0x000000070fb00000|100%| S|CS|TAMS 0x000000070fa00000, 0x000000070fa00000| Complete 
| 239|0x000000070fb00000, 0x000000070fc00000, 0x000000070fc00000|100%| S|CS|TAMS 0x000000070fb00000, 0x000000070fb00000| Complete 
| 240|0x000000070fc00000, 0x000000070fd00000, 0x000000070fd00000|100%| S|CS|TAMS 0x000000070fc00000, 0x000000070fc00000| Complete 
| 241|0x000000070fd00000, 0x000000070fe00000, 0x000000070fe00000|100%| S|CS|TAMS 0x000000070fd00000, 0x000000070fd00000| Complete 
| 242|0x000000070fe00000, 0x000000070ff00000, 0x000000070ff00000|100%| S|CS|TAMS 0x000000070fe00000, 0x000000070fe00000| Complete 
| 243|0x000000070ff00000, 0x0000000710000000, 0x0000000710000000|100%| S|CS|TAMS 0x000000070ff00000, 0x000000070ff00000| Complete 
| 244|0x0000000710000000, 0x0000000710100000, 0x0000000710100000|100%| S|CS|TAMS 0x0000000710000000, 0x0000000710000000| Complete 
| 245|0x0000000710100000, 0x0000000710200000, 0x0000000710200000|100%| E|CS|TAMS 0x0000000710100000, 0x0000000710100000| Complete 
| 246|0x0000000710200000, 0x0000000710300000, 0x0000000710300000|100%| E|CS|TAMS 0x0000000710200000, 0x0000000710200000| Complete 
| 247|0x0000000710300000, 0x0000000710400000, 0x0000000710400000|100%| E|CS|TAMS 0x0000000710300000, 0x0000000710300000| Complete 
| 248|0x0000000710400000, 0x0000000710500000, 0x0000000710500000|100%| E|CS|TAMS 0x0000000710400000, 0x0000000710400000| Complete 
| 249|0x0000000710500000, 0x0000000710600000, 0x0000000710600000|100%| E|CS|TAMS 0x0000000710500000, 0x0000000710500000| Complete 
| 250|0x0000000710600000, 0x0000000710700000, 0x0000000710700000|100%| E|CS|TAMS 0x0000000710600000, 0x0000000710600000| Complete 
| 251|0x0000000710700000, 0x0000000710800000, 0x0000000710800000|100%| E|CS|TAMS 0x0000000710700000, 0x0000000710700000| Complete 
| 252|0x0000000710800000, 0x0000000710900000, 0x0000000710900000|100%| E|CS|TAMS 0x0000000710800000, 0x0000000710800000| Complete 
| 253|0x0000000710900000, 0x0000000710a00000, 0x0000000710a00000|100%| E|CS|TAMS 0x0000000710900000, 0x0000000710900000| Complete 
| 254|0x0000000710a00000, 0x0000000710b00000, 0x0000000710b00000|100%| E|CS|TAMS 0x0000000710a00000, 0x0000000710a00000| Complete 
| 255|0x0000000710b00000, 0x0000000710c00000, 0x0000000710c00000|100%| E|CS|TAMS 0x0000000710b00000, 0x0000000710b00000| Complete 
| 256|0x0000000710c00000, 0x0000000710d00000, 0x0000000710d00000|100%| E|CS|TAMS 0x0000000710c00000, 0x0000000710c00000| Complete 
| 257|0x0000000710d00000, 0x0000000710e00000, 0x0000000710e00000|100%| E|CS|TAMS 0x0000000710d00000, 0x0000000710d00000| Complete 
| 258|0x0000000710e00000, 0x0000000710f00000, 0x0000000710f00000|100%| E|CS|TAMS 0x0000000710e00000, 0x0000000710e00000| Complete 
| 259|0x0000000710f00000, 0x0000000711000000, 0x0000000711000000|100%| E|CS|TAMS 0x0000000710f00000, 0x0000000710f00000| Complete 
| 260|0x0000000711000000, 0x0000000711100000, 0x0000000711100000|100%| E|CS|TAMS 0x0000000711000000, 0x0000000711000000| Complete 
| 261|0x0000000711100000, 0x0000000711200000, 0x0000000711200000|100%| E|CS|TAMS 0x0000000711100000, 0x0000000711100000| Complete 
| 262|0x0000000711200000, 0x0000000711300000, 0x0000000711300000|100%| E|CS|TAMS 0x0000000711200000, 0x0000000711200000| Complete 
| 263|0x0000000711300000, 0x0000000711400000, 0x0000000711400000|100%| E|CS|TAMS 0x0000000711300000, 0x0000000711300000| Complete 
| 264|0x0000000711400000, 0x0000000711500000, 0x0000000711500000|100%| E|CS|TAMS 0x0000000711400000, 0x0000000711400000| Complete 
| 265|0x0000000711500000, 0x0000000711600000, 0x0000000711600000|100%| E|CS|TAMS 0x0000000711500000, 0x0000000711500000| Complete 
| 266|0x0000000711600000, 0x0000000711700000, 0x0000000711700000|100%| E|CS|TAMS 0x0000000711600000, 0x0000000711600000| Complete 
| 267|0x0000000711700000, 0x0000000711800000, 0x0000000711800000|100%| E|  |TAMS 0x0000000711700000, 0x0000000711700000| Complete 
| 268|0x0000000711800000, 0x0000000711900000, 0x0000000711900000|100%| E|CS|TAMS 0x0000000711800000, 0x0000000711800000| Complete 
| 269|0x0000000711900000, 0x0000000711a00000, 0x0000000711a00000|100%| E|CS|TAMS 0x0000000711900000, 0x0000000711900000| Complete 
| 270|0x0000000711a00000, 0x0000000711b00000, 0x0000000711b00000|100%| E|CS|TAMS 0x0000000711a00000, 0x0000000711a00000| Complete 
| 271|0x0000000711b00000, 0x0000000711c00000, 0x0000000711c00000|100%| E|CS|TAMS 0x0000000711b00000, 0x0000000711b00000| Complete 
| 272|0x0000000711c00000, 0x0000000711d00000, 0x0000000711d00000|100%| E|CS|TAMS 0x0000000711c00000, 0x0000000711c00000| Complete 
| 273|0x0000000711d00000, 0x0000000711e00000, 0x0000000711e00000|100%| E|CS|TAMS 0x0000000711d00000, 0x0000000711d00000| Complete 
| 274|0x0000000711e00000, 0x0000000711f00000, 0x0000000711f00000|100%| E|CS|TAMS 0x0000000711e00000, 0x0000000711e00000| Complete 
| 275|0x0000000711f00000, 0x0000000712000000, 0x0000000712000000|100%| E|CS|TAMS 0x0000000711f00000, 0x0000000711f00000| Complete 
| 276|0x0000000712000000, 0x0000000712100000, 0x0000000712100000|100%| E|CS|TAMS 0x0000000712000000, 0x0000000712000000| Complete 
| 277|0x0000000712100000, 0x0000000712200000, 0x0000000712200000|100%| E|CS|TAMS 0x0000000712100000, 0x0000000712100000| Complete 
| 278|0x0000000712200000, 0x0000000712300000, 0x0000000712300000|100%| E|CS|TAMS 0x0000000712200000, 0x0000000712200000| Complete 
| 279|0x0000000712300000, 0x0000000712400000, 0x0000000712400000|100%| E|CS|TAMS 0x0000000712300000, 0x0000000712300000| Complete 
| 280|0x0000000712400000, 0x0000000712500000, 0x0000000712500000|100%| E|CS|TAMS 0x0000000712400000, 0x0000000712400000| Complete 
| 281|0x0000000712500000, 0x0000000712600000, 0x0000000712600000|100%| E|CS|TAMS 0x0000000712500000, 0x0000000712500000| Complete 
| 282|0x0000000712600000, 0x0000000712700000, 0x0000000712700000|100%| E|CS|TAMS 0x0000000712600000, 0x0000000712600000| Complete 
| 283|0x0000000712700000, 0x0000000712800000, 0x0000000712800000|100%| E|CS|TAMS 0x0000000712700000, 0x0000000712700000| Complete 
| 284|0x0000000712800000, 0x0000000712900000, 0x0000000712900000|100%| E|CS|TAMS 0x0000000712800000, 0x0000000712800000| Complete 
| 285|0x0000000712900000, 0x0000000712a00000, 0x0000000712a00000|100%| E|CS|TAMS 0x0000000712900000, 0x0000000712900000| Complete 
| 286|0x0000000712a00000, 0x0000000712b00000, 0x0000000712b00000|100%| E|CS|TAMS 0x0000000712a00000, 0x0000000712a00000| Complete 
| 287|0x0000000712b00000, 0x0000000712c00000, 0x0000000712c00000|100%| E|CS|TAMS 0x0000000712b00000, 0x0000000712b00000| Complete 
| 288|0x0000000712c00000, 0x0000000712d00000, 0x0000000712d00000|100%| E|CS|TAMS 0x0000000712c00000, 0x0000000712c00000| Complete 
| 289|0x0000000712d00000, 0x0000000712e00000, 0x0000000712e00000|100%| E|CS|TAMS 0x0000000712d00000, 0x0000000712d00000| Complete 
| 290|0x0000000712e00000, 0x0000000712f00000, 0x0000000712f00000|100%| E|CS|TAMS 0x0000000712e00000, 0x0000000712e00000| Complete 
| 291|0x0000000712f00000, 0x0000000713000000, 0x0000000713000000|100%| E|CS|TAMS 0x0000000712f00000, 0x0000000712f00000| Complete 
| 292|0x0000000713000000, 0x0000000713100000, 0x0000000713100000|100%| E|CS|TAMS 0x0000000713000000, 0x0000000713000000| Complete 
| 293|0x0000000713100000, 0x0000000713200000, 0x0000000713200000|100%| E|CS|TAMS 0x0000000713100000, 0x0000000713100000| Complete 
| 294|0x0000000713200000, 0x0000000713300000, 0x0000000713300000|100%| E|CS|TAMS 0x0000000713200000, 0x0000000713200000| Complete 
| 295|0x0000000713300000, 0x0000000713400000, 0x0000000713400000|100%| E|CS|TAMS 0x0000000713300000, 0x0000000713300000| Complete 
| 296|0x0000000713400000, 0x0000000713500000, 0x0000000713500000|100%| E|CS|TAMS 0x0000000713400000, 0x0000000713400000| Complete 
| 297|0x0000000713500000, 0x0000000713600000, 0x0000000713600000|100%| E|CS|TAMS 0x0000000713500000, 0x0000000713500000| Complete 
| 298|0x0000000713600000, 0x0000000713700000, 0x0000000713700000|100%| E|CS|TAMS 0x0000000713600000, 0x0000000713600000| Complete 
| 299|0x0000000713700000, 0x0000000713800000, 0x0000000713800000|100%| E|CS|TAMS 0x0000000713700000, 0x0000000713700000| Complete 
| 300|0x0000000713800000, 0x0000000713900000, 0x0000000713900000|100%| E|CS|TAMS 0x0000000713800000, 0x0000000713800000| Complete 
| 301|0x0000000713900000, 0x0000000713a00000, 0x0000000713a00000|100%| E|CS|TAMS 0x0000000713900000, 0x0000000713900000| Complete 
| 302|0x0000000713a00000, 0x0000000713b00000, 0x0000000713b00000|100%| E|CS|TAMS 0x0000000713a00000, 0x0000000713a00000| Complete 
| 303|0x0000000713b00000, 0x0000000713c00000, 0x0000000713c00000|100%| E|CS|TAMS 0x0000000713b00000, 0x0000000713b00000| Complete 
| 304|0x0000000713c00000, 0x0000000713d00000, 0x0000000713d00000|100%| E|CS|TAMS 0x0000000713c00000, 0x0000000713c00000| Complete 
| 305|0x0000000713d00000, 0x0000000713e00000, 0x0000000713e00000|100%| E|CS|TAMS 0x0000000713d00000, 0x0000000713d00000| Complete 
| 306|0x0000000713e00000, 0x0000000713f00000, 0x0000000713f00000|100%| E|CS|TAMS 0x0000000713e00000, 0x0000000713e00000| Complete 
| 307|0x0000000713f00000, 0x0000000714000000, 0x0000000714000000|100%| E|CS|TAMS 0x0000000713f00000, 0x0000000713f00000| Complete 

Card table byte_map: [0x000001805ef40000,0x000001805f740000] _byte_map_base: 0x000001805b73a000

Marking Bits (Prev, Next): (CMBitMap*) 0x0000018044ffe078, (CMBitMap*) 0x0000018044ffe0b0
 Prev Bits: [0x000001805ff40000, 0x0000018063f10000)
 Next Bits: [0x0000018063f10000, 0x0000018067ee0000)

Polling page: 0x0000018044c90000

Metaspace:

Usage:
  Non-class:     46.70 MB capacity,    46.09 MB ( 99%) used,   491.60 KB (  1%) free+waste,   137.88 KB ( <1%) overhead. 
      Class:      6.97 MB capacity,     6.56 MB ( 94%) used,   360.64 KB (  5%) free+waste,    63.00 KB ( <1%) overhead. 
       Both:     53.67 MB capacity,    52.64 MB ( 98%) used,   852.24 KB (  2%) free+waste,   200.88 KB ( <1%) overhead. 

Virtual space:
  Non-class space:       48.00 MB reserved,      46.71 MB ( 97%) committed 
      Class space:        1.00 GB reserved,       7.12 MB ( <1%) committed 
             Both:        1.05 GB reserved,      53.83 MB (  5%) committed 

Chunk freelists:
   Non-Class:  896 bytes
       Class:  3.75 KB
        Both:  4.63 KB

CodeHeap 'non-profiled nmethods': size=120000Kb used=2596Kb max_used=2596Kb free=117403Kb
 bounds [0x0000018056570000, 0x0000018056800000, 0x000001805daa0000]
CodeHeap 'profiled nmethods': size=120000Kb used=9467Kb max_used=9467Kb free=110532Kb
 bounds [0x000001804f040000, 0x000001804f980000, 0x0000018056570000]
CodeHeap 'non-nmethods': size=5760Kb used=1215Kb max_used=1272Kb free=4544Kb
 bounds [0x000001804eaa0000, 0x000001804ed10000, 0x000001804f040000]
 total_blobs=5665 nmethods=4073 adapters=482
 compilation: enabled
              stopped_count=0, restarted_count=0
 full_count=0

Compilation events (10 events):
Event: 4.291 Thread 0x000001806b5b6000 4122       3       java.util.stream.Streams$ConcatSpliterator::<init> (47 bytes)
Event: 4.292 Thread 0x000001806b5b6000 nmethod 4122 0x000001804f97d490 code [0x000001804f97d680, 0x000001804f97db40]
Event: 4.292 Thread 0x000001806b5b6000 4119       3       java.util.RegularEnumSet::isEmpty (15 bytes)
Event: 4.292 Thread 0x000001806b5b6000 nmethod 4119 0x000001804f97dc90 code [0x000001804f97de40, 0x000001804f97e018]
Event: 4.292 Thread 0x000001806b5b6000 4120       3       java.util.RegularEnumSet::remove (74 bytes)
Event: 4.292 Thread 0x000001806b5b6000 nmethod 4120 0x000001804f97e090 code [0x000001804f97e260, 0x000001804f97e6d0]
Event: 4.292 Thread 0x000001806b5b6000 4121       3       org.hibernate.validator.internal.util.CollectionHelper::newArrayList (8 bytes)
Event: 4.292 Thread 0x000001806b5b6000 nmethod 4121 0x000001804f97e810 code [0x000001804f97e9e0, 0x000001804f97ed78]
Event: 4.292 Thread 0x000001806b5b6000 4123       3       java.util.stream.AbstractPipeline::onClose (52 bytes)
Event: 4.293 Thread 0x000001806b5b6000 nmethod 4123 0x000001804f97ee90 code [0x000001804f97f0a0, 0x000001804f97f630]

GC Heap History (10 events):
Event: 0.588 GC heap before
{Heap before GC invocations=0 (full 0):
 garbage-first heap   total 262144K, used 24576K [0x0000000700c00000, 0x0000000800000000)
  region size 1024K, 24 young (24576K), 0 survivors (0K)
 Metaspace       used 12572K, capacity 12811K, committed 12928K, reserved 1060864K
  class space    used 1242K, capacity 1316K, committed 1408K, reserved 1048576K
}
Event: 0.592 GC heap after
{Heap after GC invocations=1 (full 0):
 garbage-first heap   total 262144K, used 6693K [0x0000000700c00000, 0x0000000800000000)
  region size 1024K, 3 young (3072K), 3 survivors (3072K)
 Metaspace       used 12572K, capacity 12811K, committed 12928K, reserved 1060864K
  class space    used 1242K, capacity 1316K, committed 1408K, reserved 1048576K
}
Event: 0.953 GC heap before
{Heap before GC invocations=1 (full 0):
 garbage-first heap   total 262144K, used 51749K [0x0000000700c00000, 0x0000000800000000)
  region size 1024K, 48 young (49152K), 3 survivors (3072K)
 Metaspace       used 20788K, capacity 21205K, committed 21248K, reserved 1069056K
  class space    used 2385K, capacity 2545K, committed 2560K, reserved 1048576K
}
Event: 0.961 GC heap after
{Heap after GC invocations=2 (full 0):
 garbage-first heap   total 262144K, used 8741K [0x0000000700c00000, 0x0000000800000000)
  region size 1024K, 5 young (5120K), 5 survivors (5120K)
 Metaspace       used 20788K, capacity 21205K, committed 21248K, reserved 1069056K
  class space    used 2385K, capacity 2545K, committed 2560K, reserved 1048576K
}
Event: 1.239 GC heap before
{Heap before GC invocations=3 (full 0):
 garbage-first heap   total 262144K, used 65061K [0x0000000700c00000, 0x0000000800000000)
  region size 1024K, 61 young (62464K), 5 survivors (5120K)
 Metaspace       used 26202K, capacity 26724K, committed 26876K, reserved 1073152K
  class space    used 3037K, capacity 3237K, committed 3324K, reserved 1048576K
}
Event: 1.245 GC heap after
{Heap after GC invocations=4 (full 0):
 garbage-first heap   total 262144K, used 10171K [0x0000000700c00000, 0x0000000800000000)
  region size 1024K, 4 young (4096K), 4 survivors (4096K)
 Metaspace       used 26202K, capacity 26724K, committed 26876K, reserved 1073152K
  class space    used 3037K, capacity 3237K, committed 3324K, reserved 1048576K
}
Event: 2.174 GC heap before
{Heap before GC invocations=4 (full 0):
 garbage-first heap   total 262144K, used 86971K [0x0000000700c00000, 0x0000000800000000)
  region size 1024K, 80 young (81920K), 4 survivors (4096K)
 Metaspace       used 33421K, capacity 34179K, committed 34300K, reserved 1079296K
  class space    used 3969K, capacity 4270K, committed 4348K, reserved 1048576K
}
Event: 2.179 GC heap after
{Heap after GC invocations=5 (full 0):
 garbage-first heap   total 262144K, used 13133K [0x0000000700c00000, 0x0000000800000000)
  region size 1024K, 7 young (7168K), 7 survivors (7168K)
 Metaspace       used 33421K, capacity 34179K, committed 34300K, reserved 1079296K
  class space    used 3969K, capacity 4270K, committed 4348K, reserved 1048576K
}
Event: 2.368 GC heap before
{Heap before GC invocations=5 (full 0):
 garbage-first heap   total 262144K, used 23373K [0x0000000700c00000, 0x0000000800000000)
  region size 1024K, 18 young (18432K), 7 survivors (7168K)
 Metaspace       used 34979K, capacity 35804K, committed 36048K, reserved 1081344K
  class space    used 4204K, capacity 4557K, committed 4604K, reserved 1048576K
}
Event: 2.381 GC heap after
{Heap after GC invocations=6 (full 0):
 garbage-first heap   total 315392K, used 14277K [0x0000000700c00000, 0x0000000800000000)
  region size 1024K, 8 young (8192K), 8 survivors (8192K)
 Metaspace       used 34979K, capacity 35804K, committed 36048K, reserved 1081344K
  class space    used 4204K, capacity 4557K, committed 4604K, reserved 1048576K
}

Deoptimization events (10 events):
Event: 2.947 Thread 0x0000018044f97800 Uncommon trap: reason=unstable_if action=reinterpret pc=0x0000018056627474 method=java.util.zip.ZipFile$Source.getEntryPos([BZ)I @ 68 c2
Event: 3.125 Thread 0x0000018044f97800 Uncommon trap: reason=unstable_if action=reinterpret pc=0x00000180565fb1d8 method=java.lang.String.regionMatches(ZILjava/lang/String;II)Z @ 1 c2
Event: 3.132 Thread 0x0000018044f97800 Uncommon trap: reason=unstable_if action=reinterpret pc=0x000001805670374c method=java.lang.String.<init>([CIILjava/lang/Void;)V @ 43 c2
Event: 3.132 Thread 0x0000018044f97800 Uncommon trap: reason=unstable_if action=reinterpret pc=0x0000018056579e7c method=java.lang.String.isLatin1()Z @ 10 c2
Event: 3.136 Thread 0x0000018044f97800 Uncommon trap: reason=unstable_if action=reinterpret pc=0x000001805660fedc method=java.lang.String.equals(Ljava/lang/Object;)Z @ 34 c2
Event: 3.246 Thread 0x0000018044f97800 Uncommon trap: reason=unstable_if action=reinterpret pc=0x00000180566747d4 method=java.util.WeakHashMap.remove(Ljava/lang/Object;)Ljava/lang/Object; @ 94 c2
Event: 3.322 Thread 0x0000018044f97800 Uncommon trap: reason=unstable_if action=reinterpret pc=0x000001805663a130 method=java.net.URL.<init>(Ljava/net/URL;Ljava/lang/String;Ljava/net/URLStreamHandler;)V @ 57 c2
Event: 3.322 Thread 0x0000018044f97800 Uncommon trap: reason=unstable_if action=reinterpret pc=0x0000018056757468 method=java.net.URLStreamHandler.parseURL(Ljava/net/URL;Ljava/lang/String;II)V @ 57 c2
Event: 3.765 Thread 0x0000018044f97800 Uncommon trap: reason=unstable_if action=reinterpret pc=0x00000180567937f8 method=java.lang.String.equals(Ljava/lang/Object;)Z @ 27 c2
Event: 3.968 Thread 0x0000018044f97800 Uncommon trap: reason=null_check action=make_not_entrant pc=0x0000018056792554 method=java.lang.Class.createAnnotationData(I)Ljava/lang/Class$AnnotationData; @ 14 c2

Classes redefined (0 events):
No events

Internal exceptions (10 events):
Event: 2.851 Thread 0x0000018044f97800 Exception <a 'java/lang/NullPointerException'{0x000000071084bcd0}> (0x000000071084bcd0) thrown at [t:/workspace/open/src/hotspot/share/runtime/sharedRuntime.cpp, line 584]
Event: 2.851 Thread 0x0000018044f97800 Implicit null exception at 0x000001804f56283d to 0x000001804f562e2f
Event: 2.852 Thread 0x0000018044f97800 Exception <a 'java/lang/NullPointerException'{0x000000071084d580}> (0x000000071084d580) thrown at [t:/workspace/open/src/hotspot/share/runtime/sharedRuntime.cpp, line 584]
Event: 2.852 Thread 0x0000018044f97800 Implicit null exception at 0x000001804f56283d to 0x000001804f562e2f
Event: 2.852 Thread 0x0000018044f97800 Exception <a 'java/lang/NullPointerException'{0x000000071084e668}> (0x000000071084e668) thrown at [t:/workspace/open/src/hotspot/share/runtime/sharedRuntime.cpp, line 584]
Event: 2.852 Thread 0x0000018044f97800 Implicit null exception at 0x000001804f56283d to 0x000001804f562e2f
Event: 2.852 Thread 0x0000018044f97800 Exception <a 'java/lang/NullPointerException'{0x000000071084fd48}> (0x000000071084fd48) thrown at [t:/workspace/open/src/hotspot/share/runtime/sharedRuntime.cpp, line 584]
Event: 3.174 Thread 0x0000018044f97800 Exception <a 'java/lang/NoSuchMethodError'{0x000000070f09f648}: java.lang.invoke.DirectMethodHandle$Holder.invokeStaticInit(Ljava/lang/Object;Ljava/lang/Object;Ljava/lang/Object;Ljava/lang/Object;)Ljava/lang/Object;> (0x000000070f09f648) thrown at [t:/wor
Event: 3.241 Thread 0x0000018044f97800 Exception <a 'java/io/FileNotFoundException'{0x000000070ec0c870}> (0x000000070ec0c870) thrown at [t:/workspace/open/src/hotspot/share/prims/jni.cpp, line 615]
Event: 3.968 Thread 0x0000018044f97800 Implicit null exception at 0x0000018056791e1a to 0x0000018056792542

Events (10 events):
Event: 4.299 loading class org/hibernate/metamodel/model/domain/DomainType
Event: 4.299 loading class org/hibernate/metamodel/model/domain/DomainType done
Event: 4.299 loading class org/hibernate/metamodel/model/domain/spi/IdentifiableTypeDescriptor
Event: 4.299 loading class org/hibernate/metamodel/model/domain/spi/IdentifiableTypeDescriptor done
Event: 4.300 loading class org/hibernate/metamodel/model/domain/spi/ManagedTypeDescriptor
Event: 4.300 loading class org/hibernate/metamodel/model/domain/spi/ManagedTypeDescriptor done
Event: 4.300 loading class org/hibernate/metamodel/model/domain/spi/SimpleTypeDescriptor
Event: 4.300 loading class org/hibernate/metamodel/model/domain/spi/SimpleTypeDescriptor done
Event: 4.300 loading class org/hibernate/metamodel/model/domain/spi/DomainTypeDescriptor
Event: 4.300 loading class org/hibernate/metamodel/model/domain/spi/DomainTypeDescriptor done


Dynamic libraries:
0x00007ff72c0a0000 - 0x00007ff72c0e7000 	C:\Program Files\Java\jdk-11.0.4\bin\java.exe
0x00007ffa20d80000 - 0x00007ffa20f70000 	C:\WINDOWS\SYSTEM32\ntdll.dll
0x00007ffa208e0000 - 0x00007ffa20992000 	C:\WINDOWS\System32\KERNEL32.DLL
0x00007ffa1e150000 - 0x00007ffa1e3f3000 	C:\WINDOWS\System32\KERNELBASE.dll
0x00007ffa1ee10000 - 0x00007ffa1eeb3000 	C:\WINDOWS\System32\ADVAPI32.dll
0x00007ffa20040000 - 0x00007ffa200de000 	C:\WINDOWS\System32\msvcrt.dll
0x00007ffa1f660000 - 0x00007ffa1f6f7000 	C:\WINDOWS\System32\sechost.dll
0x00007ffa1f3b0000 - 0x00007ffa1f4d0000 	C:\WINDOWS\System32\RPCRT4.dll
0x00007ffa1f200000 - 0x00007ffa1f394000 	C:\WINDOWS\System32\USER32.dll
0x00007ffa1dce0000 - 0x00007ffa1dd01000 	C:\WINDOWS\System32\win32u.dll
0x00007ffa1f700000 - 0x00007ffa1f726000 	C:\WINDOWS\System32\GDI32.dll
0x00007ffa1dd10000 - 0x00007ffa1dea4000 	C:\WINDOWS\System32\gdi32full.dll
0x00007ffa1e060000 - 0x00007ffa1e0fe000 	C:\WINDOWS\System32\msvcp_win.dll
0x00007ffa1ebb0000 - 0x00007ffa1ecaa000 	C:\WINDOWS\System32\ucrtbase.dll
0x00007ffa18d30000 - 0x00007ffa18d3a000 	C:\WINDOWS\SYSTEM32\VERSION.dll
0x00007ffa13220000 - 0x00007ffa134a5000 	C:\WINDOWS\WinSxS\amd64_microsoft.windows.common-controls_6595b64144ccf1df_6.0.18362.592_none_e6c0b1911312be02\COMCTL32.dll
0x00007ffa1eec0000 - 0x00007ffa1f1f6000 	C:\WINDOWS\System32\combase.dll
0x00007ffa1ecb0000 - 0x00007ffa1ed30000 	C:\WINDOWS\System32\bcryptPrimitives.dll
0x00007ffa1f8b0000 - 0x00007ffa1f8de000 	C:\WINDOWS\System32\IMM32.DLL
0x00007ff9fe220000 - 0x00007ff9fe236000 	C:\Program Files\Java\jdk-11.0.4\bin\vcruntime140.dll
0x00007ff9e9620000 - 0x00007ff9e96ca000 	C:\Program Files\Java\jdk-11.0.4\bin\msvcp140.dll
0x00007ff9e72e0000 - 0x00007ff9e7e07000 	C:\Program Files\Java\jdk-11.0.4\bin\server\jvm.dll
0x00007ffa1f3a0000 - 0x00007ffa1f3a8000 	C:\WINDOWS\System32\PSAPI.DLL
0x00007ff9fe460000 - 0x00007ff9fe469000 	C:\WINDOWS\SYSTEM32\WSOCK32.dll
0x00007ffa1bcb0000 - 0x00007ffa1bcd4000 	C:\WINDOWS\SYSTEM32\WINMM.dll
0x00007ffa1f840000 - 0x00007ffa1f8af000 	C:\WINDOWS\System32\WS2_32.dll
0x00007ffa1bb80000 - 0x00007ffa1bbad000 	C:\WINDOWS\SYSTEM32\WINMMBASE.dll
0x00007ffa1e100000 - 0x00007ffa1e14a000 	C:\WINDOWS\System32\cfgmgr32.dll
0x00007ffa1dc70000 - 0x00007ffa1dc81000 	C:\WINDOWS\System32\kernel.appcore.dll
0x00007ff9fe200000 - 0x00007ff9fe211000 	C:\Program Files\Java\jdk-11.0.4\bin\verify.dll
0x00007ffa0d650000 - 0x00007ffa0d844000 	C:\WINDOWS\SYSTEM32\DBGHELP.DLL
0x00007ffa0d150000 - 0x00007ffa0d17a000 	C:\WINDOWS\SYSTEM32\dbgcore.DLL
0x00007ff9fe1d0000 - 0x00007ff9fe1f9000 	C:\Program Files\Java\jdk-11.0.4\bin\java.dll
0x00007ffa16f90000 - 0x00007ffa16fbf000 	C:\Program Files\Java\jdk-11.0.4\bin\instrument.dll
0x00007ff9fe1b0000 - 0x00007ff9fe1c6000 	C:\Program Files\Java\jdk-11.0.4\bin\zip.dll
0x00007ff9fe1a0000 - 0x00007ff9fe1aa000 	C:\Program Files\Java\jdk-11.0.4\bin\jimage.dll
0x00007ffa1f8e0000 - 0x00007ffa1ffc5000 	C:\WINDOWS\System32\SHELL32.dll
0x00007ffa1f530000 - 0x00007ffa1f5d9000 	C:\WINDOWS\System32\shcore.dll
0x00007ffa1e430000 - 0x00007ffa1ebaf000 	C:\WINDOWS\System32\windows.storage.dll
0x00007ffa1dc50000 - 0x00007ffa1dc6f000 	C:\WINDOWS\System32\profapi.dll
0x00007ffa1dc90000 - 0x00007ffa1dcda000 	C:\WINDOWS\System32\powrprof.dll
0x00007ffa1dc20000 - 0x00007ffa1dc30000 	C:\WINDOWS\System32\UMPDC.dll
0x00007ffa20880000 - 0x00007ffa208d2000 	C:\WINDOWS\System32\shlwapi.dll
0x00007ffa1ed30000 - 0x00007ffa1ed47000 	C:\WINDOWS\System32\cryptsp.dll
0x00007ff9fe180000 - 0x00007ff9fe199000 	C:\Program Files\Java\jdk-11.0.4\bin\net.dll
0x00007ffa16d40000 - 0x00007ffa16e30000 	C:\WINDOWS\SYSTEM32\WINHTTP.dll
0x00007ffa13910000 - 0x00007ffa13ae6000 	C:\WINDOWS\SYSTEM32\urlmon.dll
0x00007ffa13660000 - 0x00007ffa13906000 	C:\WINDOWS\SYSTEM32\iertutil.dll
0x00007ffa1d660000 - 0x00007ffa1d66c000 	C:\WINDOWS\SYSTEM32\CRYPTBASE.DLL
0x00007ffa1d490000 - 0x00007ffa1d4f7000 	C:\WINDOWS\system32\mswsock.dll
0x00007ff9ef7d0000 - 0x00007ff9ef7e3000 	C:\Program Files\Java\jdk-11.0.4\bin\nio.dll
0x00007ffa19400000 - 0x00007ffa1941a000 	C:\Users\Kuba\IntelliJ IDEA Community Edition 2018.3.5\bin\breakgen64.dll
0x00007ffa1bdf0000 - 0x00007ffa1bdf9000 	C:\Program Files\Java\jdk-11.0.4\bin\management.dll
0x00007ffa1bda0000 - 0x00007ffa1bdac000 	C:\Program Files\Java\jdk-11.0.4\bin\management_ext.dll
0x00007ffa05140000 - 0x00007ffa05156000 	C:\WINDOWS\system32\napinsp.dll
0x00007ffa04fc0000 - 0x00007ffa04fda000 	C:\WINDOWS\system32\pnrpnsp.dll
0x00007ffa1d1e0000 - 0x00007ffa1d2aa000 	C:\WINDOWS\SYSTEM32\DNSAPI.dll
0x00007ffa1ee00000 - 0x00007ffa1ee08000 	C:\WINDOWS\System32\NSI.dll
0x00007ffa1d1a0000 - 0x00007ffa1d1da000 	C:\WINDOWS\SYSTEM32\IPHLPAPI.DLL
0x00007ffa08850000 - 0x00007ffa0885e000 	C:\WINDOWS\System32\winrnr.dll
0x00007ffa1a470000 - 0x00007ffa1a48c000 	C:\WINDOWS\system32\NLAapi.dll
0x00007ffa04fa0000 - 0x00007ffa04fb5000 	C:\WINDOWS\system32\wshbth.dll
0x0000000071a70000 - 0x0000000071a96000 	C:\Program Files\Bonjour\mdnsNSP.dll
0x00007ffa16d30000 - 0x00007ffa16d3a000 	C:\Windows\System32\rasadhlp.dll
0x00007ffa176f0000 - 0x00007ffa17767000 	C:\WINDOWS\System32\fwpuclnt.dll
0x00007ffa1e400000 - 0x00007ffa1e426000 	C:\WINDOWS\System32\bcrypt.dll
0x00007ffa1d000000 - 0x00007ffa1d033000 	C:\WINDOWS\system32\rsaenh.dll
0x00007ffa1db10000 - 0x00007ffa1db35000 	C:\WINDOWS\SYSTEM32\USERENV.dll
0x00007ffa18750000 - 0x00007ffa18766000 	C:\WINDOWS\SYSTEM32\dhcpcsvc6.DLL
0x00007ffa186c0000 - 0x00007ffa186dc000 	C:\WINDOWS\SYSTEM32\dhcpcsvc.DLL

dbghelp: loaded successfully - version: 4.0.5 - missing functions: none
symbol engine: initialized successfully - sym options: 0x614 - pdb path: .;C:\Program Files\Java\jdk-11.0.4\bin;C:\WINDOWS\SYSTEM32;C:\WINDOWS\WinSxS\amd64_microsoft.windows.common-controls_6595b64144ccf1df_6.0.18362.592_none_e6c0b1911312be02;C:\Program Files\Java\jdk-11.0.4\bin\server;C:\Users\Kuba\IntelliJ IDEA Community Edition 2018.3.5\bin;C:\Program Files\Bonjour

VM Arguments:
jvm_args: -javaagent:C:\Users\Kuba\IntelliJ IDEA Community Edition 2018.3.5\lib\idea_rt.jar=61505:C:\Users\Kuba\IntelliJ IDEA Community Edition 2018.3.5\bin -Dfile.encoding=UTF-8 
java_command: referee.LoginApplication
java_class_path (initial): F:\Prawidlowy Referee\Referee\target\classes;C:\Users\Kuba\.m2\repository\org\springframework\boot\spring-boot-starter-data-jpa\2.2.2.RELEASE\spring-boot-starter-data-jpa-2.2.2.RELEASE.jar;C:\Users\Kuba\.m2\repository\org\springframework\boot\spring-boot-starter-aop\2.2.2.RELEASE\spring-boot-starter-aop-2.2.2.RELEASE.jar;C:\Users\Kuba\.m2\repository\org\aspectj\aspectjweaver\1.9.5\aspectjweaver-1.9.5.jar;C:\Users\Kuba\.m2\repository\org\springframework\boot\spring-boot-starter-jdbc\2.2.2.RELEASE\spring-boot-starter-jdbc-2.2.2.RELEASE.jar;C:\Users\Kuba\.m2\repository\com\zaxxer\HikariCP\3.4.1\HikariCP-3.4.1.jar;C:\Users\Kuba\.m2\repository\org\springframework\spring-jdbc\5.2.2.RELEASE\spring-jdbc-5.2.2.RELEASE.jar;C:\Users\Kuba\.m2\repository\jakarta\activation\jakarta.activation-api\1.2.1\jakarta.activation-api-1.2.1.jar;C:\Users\Kuba\.m2\repository\jakarta\persistence\jakarta.persistence-api\2.2.3\jakarta.persistence-api-2.2.3.jar;C:\Users\Kuba\.m2\repository\jakarta\transaction\jakarta.transaction-api\1.3.3\jakarta.transaction-api-1.3.3.jar;C:\Users\Kuba\.m2\repository\org\hibernate\hibernate-core\5.4.9.Final\hibernate-core-5.4.9.Final.jar;C:\Users\Kuba\.m2\repository\org\jboss\logging\jboss-logging\3.4.1.Final\jboss-logging-3.4.1.Final.jar;C:\Users\Kuba\.m2\repository\org\javassist\javassist\3.24.0-GA\javassist-3.24.0-GA.jar;C:\Users\Kuba\.m2\repository\net\bytebuddy\byte-buddy\1.10.4\byte-buddy-1.10.4.jar;C:\Users\Kuba\.m2\repository\antlr\antlr\2.7.7\antlr-2.7.7.jar;C:\Users\Kuba\.m2\repository\org\jboss\jandex\2.1.1.Final\jandex-2.1.1.Final.jar;C:\Users\Kuba\.m2\repository\com\fasterxml\classmate\1.5.1\classmate-1.5.1.jar;C:\Users\Kuba\.m2\repository\org\dom4j\dom4j\2.1.1\dom4j-2.1.1.jar;C:\Users\Kuba\.m2\repository\org\hibernate\common\hibernate-commons-annotations\5.1.0.Final\hibernate-commons-annotations-5.1.0.Final.jar;C:\Users\Kuba\.m2\repository\org\glassfish\jaxb\jaxb-runtime\2.3.2\jaxb-runtime-2.3.2.jar;C:\Users\Kuba\.m2\re
Launcher Type: SUN_STANDARD

[Global flags]
     intx CICompilerCount                          = 4                                         {product} {ergonomic}
     uint ConcGCThreads                            = 3                                         {product} {ergonomic}
     uint G1ConcRefinementThreads                  = 10                                        {product} {ergonomic}
   size_t G1HeapRegionSize                         = 1048576                                   {product} {ergonomic}
    uintx GCDrainStackTargetSize                   = 64                                        {product} {ergonomic}
   size_t InitialHeapSize                          = 268435456                                 {product} {ergonomic}
   size_t MarkStackSize                            = 4194304                                   {product} {ergonomic}
   size_t MaxHeapSize                              = 4282384384                                {product} {ergonomic}
   size_t MaxNewSize                               = 2569011200                                {product} {ergonomic}
   size_t MinHeapDeltaBytes                        = 1048576                                   {product} {ergonomic}
    uintx NonNMethodCodeHeapSize                   = 5835340                                {pd product} {ergonomic}
    uintx NonProfiledCodeHeapSize                  = 122911450                              {pd product} {ergonomic}
    uintx ProfiledCodeHeapSize                     = 122911450                              {pd product} {ergonomic}
    uintx ReservedCodeCacheSize                    = 251658240                              {pd product} {ergonomic}
     bool SegmentedCodeCache                       = true                                      {product} {ergonomic}
     bool UseCompressedClassPointers               = true                                 {lp64_product} {ergonomic}
     bool UseCompressedOops                        = true                                 {lp64_product} {ergonomic}
     bool UseG1GC                                  = true                                      {product} {ergonomic}
     bool UseLargePagesIndividualAllocation        = false                                  {pd product} {ergonomic}

Logging:
Log output configuration:
 #0: stdout all=warning uptime,level,tags
 #1: stderr all=off uptime,level,tags

Environment Variables:
JAVA_HOME=C:\Program Files\Java\jdk-11.0.4
JRE_HOME=C:\Program Files\Java\jdk-11.0.4
PATH=C:\ProgramData\Oracle\Java\javapath;C:\Program Files (x86)\Common Files\Oracle\Java\javapath;C:\Windows\system32;C:\Windows;C:\Windows\System32\Wbem;C:\Windows\System32\WindowsPowerShell\v1.0\;C:\Windows\System32\OpenSSH\;C:\Program Files (x86)\NVIDIA Corporation\PhysX\Common;C:\Program Files\NVIDIA Corporation\NVIDIA NvDLISR;D:\Pliczki\GIT\Git\cmd;C:\WINDOWS\system32;C:\WINDOWS;C:\WINDOWS\System32\Wbem;C:\WINDOWS\System32\WindowsPowerShell\v1.0\;C:\WINDOWS\System32\OpenSSH\;C:\Program Files\dotnet\;C:\Program Files\Microsoft SQL Server\130\Tools\Binn\;C:\Program Files\Microsoft SQL Server\Client SDK\ODBC\170\Tools\Binn\;C:\Program Files (x86)\Microsoft SQL Server\100\Tools\Binn\;C:\Program Files\Microsoft SQL Server\100\Tools\Binn\;C:\Program Files\Microsoft SQL Server\100\DTS\Binn\;C:\ProgramData\Oracle\Java\javapath;C:\Users\Kuba\AppData\Local\Microsoft\WindowsApps
USERNAME=Kuba
OS=Windows_NT
PROCESSOR_IDENTIFIER=AMD64 Family 23 Model 1 Stepping 1, AuthenticAMD



---------------  S Y S T E M  ---------------

OS: Windows 10 , 64 bit Build 18362 (10.0.18362.329)

CPU:total 12 (initial active 12) (12 cores per cpu, 2 threads per core) family 23 model 1 stepping 1, cmov, cx8, fxsr, mmx, sse, sse2, sse3, ssse3, sse4.1, sse4.2, popcnt, avx, avx2, aes, clmul, mmxext, 3dnowpref, lzcnt, sse4a, ht, tsc, tscinvbit, tscinv, bmi1, bmi2, adx, sha, fma

Memory: 4k page, system-wide physical 16330M (6368M free)
TotalPageFile size 18762M (AvailPageFile size 4665M)
current process WorkingSet (physical memory assigned to process): 352M, peak: 366M
current process commit charge ("private bytes"): 561M, peak: 576M

vm_info: Java HotSpot(TM) 64-Bit Server VM (11.0.4+10-LTS) for windows-amd64 JRE (11.0.4+10-LTS), built on Jul  4 2019 16:28:13 by "mach5one" with MS VC++ 15.5 (VS2017)

END.
